$fixed_items : 
Array
(
    [0] => Array
        (
            [quantity] => 2
            [id] => 561
            [name] => 갤럭시 메이커
            [slug] => %ea%b0%a4%eb%9f%ad%ec%8b%9c-%eb%a9%94%ec%9d%b4%ec%bb%a4
            [permalink] => http://d-hellogorilla.test/product/%ea%b0%a4%eb%9f%ad%ec%8b%9c-%eb%a9%94%ec%9d%b4%ec%bb%a4/
            [date_created] => 2018-11-26T02:05:52
            [date_created_gmt] => 2018-11-26T02:05:52
            [date_modified] => 2018-12-04T02:47:50
            [date_modified_gmt] => 2018-12-04T02:47:50
            [type] => simple
            [status] => publish
            [featured] => 
            [catalog_visibility] => visible
            [description] => <p>[vc_row][vc_column][vc_empty_space height="50px"][/vc_column][/vc_row][vc_row][vc_column][vc_separator border_width="3"][vc_column_text]<strong><span style="color: #5f62ba;">패턴을 만들고 자신만의 우주를 만들어가는 우주 스탬프 찍기 세트는 감성지능 영역 중 공감적 이해력을 중심으로 자기조절력, 색채감성, 형태감성, 공간지능, 논리수학지능을 키워주는 아트 프로그램입니다.  </span></strong>[/vc_column_text][vc_separator border_width="3"][/vc_column][/vc_row][vc_row][vc_column][vc_column_text]추미림 작가는 ‘우리의 세상을 인공위성에서 바라보면 어떤 모습일까?’라는 질문을 시작으로 작품을 만들었습니다. 위에서 바라본 빌딩의 모습을 마치 컴퓨터의 네모난 픽셀처럼 세상을 그립니다.</p>
<p>그래서 그녀의 작품 속 사람들은 모두 머리가 네모납니다. 거대한 우주 안에서 우리의 모습은 어떨까 상상해보세요.[/vc_column_text][/vc_column][/vc_row][vc_row][vc_column][vc_video][/vc_column][/vc_row][vc_row][vc_column][vc_column_text]추미림 작가의 GALLEXY MAKER는 우주를 스스로 창조할 수 있게 만들어주는 아트 키트입니다. 그녀는 자신의 작품의 밑그림을 아이들에게 만들어주었습니다. 작가가 먼저 시작한 작품을 아이와 완성할 수 있도록 해주세요.[/vc_column_text][/vc_column][/vc_row][vc_row][vc_column][vc_column_text]아이에게 작품의 도안이 되는 종이를 보여주세요. 이것은 거대한 우주입니다. 네모난 픽셀은 그 안의 인간들입니다. 아이들이 좋아하는 게임 속 세계와도 비슷해보여요.[/vc_column_text][/vc_column][/vc_row][vc_row][vc_column][vc_single_image image="582" img_size="full"][/vc_column][/vc_row][vc_row][vc_column][vc_column_text]추미림 작가가 직접 만든 도장은 여러 가지 모양의 네모입니다. 아이가 다양한 크기와 다양한 모양의 네모로 자신의 커다란 우주를 만들 수 있도록 충분한 시간을 주세요.</p>
<p>추미림 작가가 완성한 시간은 한 시간 정도 걸렸어요.[/vc_column_text][/vc_column][/vc_row][vc_row][vc_column][vc_column_text]도장을 찍은 다음에는 그 모양들을 연결하거나 옆에 덧대어 그림을 그려서 새로운 이야기를 만들수 있도록 해주세요.[/vc_column_text][/vc_column][/vc_row][vc_row][vc_column][vc_column_text]짜잔~ 작품이 완성이 되었다면 벽이나 냉장고에 붙여서 전시해주세요.</p>
<p>이제, 작가가 똑 같은 도안으로 작품을 완성하는 영상을 보여드릴게요.[/vc_column_text][/vc_column][/vc_row][vc_row][vc_column][vc_single_image image="584" img_size="full"][/vc_column][/vc_row][vc_row][vc_column width="1/2"][vc_column_text]-작품 종이</p>
<p>-바닥 종이</p>
<p>-활동 설명 소책자[/vc_column_text][/vc_column][vc_column width="1/2"][vc_column_text]-도장 8개</p>
<p>-도장 패드</p>
<p>-색연필[/vc_column_text][/vc_column][/vc_row][vc_row][vc_column][vc_separator border_width="5"][vc_column_text]<span style="color: #918f8f; font-size: 11px;">· 연령: 5세 이상</span><br />
<span style="color: #918f8f; font-size: 11px;">· 크기: w 20 x h 35 x d 15 (cm)</span><br />
<span style="color: #918f8f; font-size: 11px;">· 재질: 고무나무</span><br />
<span style="color: #918f8f; font-size: 11px;">· 제조국: 태국</span>[/vc_column_text][vc_separator border_width="5"][/vc_column][/vc_row]</p>

            [short_description] => <p><strong>나만의 우주를 픽셀 도장으로 만들어요! </strong></p>

            [sku] => 
            [price] => 50000
            [regular_price] => 50000
            [sale_price] => 
            [date_on_sale_from] => 
            [date_on_sale_from_gmt] => 
            [date_on_sale_to] => 
            [date_on_sale_to_gmt] => 
            [price_html] => <span class="woocommerce-Price-amount amount"><span class="woocommerce-Price-currencySymbol">&#8361;</span>50,000</span>
            [on_sale] => 
            [purchasable] => 1
            [total_sales] => 0
            [virtual] => 
            [downloadable] => 
            [downloads] => Array
                (
                )

            [download_limit] => -1
            [download_expiry] => -1
            [external_url] => 
            [button_text] => 
            [tax_status] => taxable
            [tax_class] => 
            [manage_stock] => 
            [stock_quantity] => 
            [in_stock] => 1
            [backorders] => no
            [backorders_allowed] => 
            [backordered] => 
            [sold_individually] => 
            [weight] => 
            [dimensions] => Array
                (
                    [length] => 
                    [width] => 
                    [height] => 
                )

            [shipping_required] => 1
            [shipping_taxable] => 1
            [shipping_class] => 
            [shipping_class_id] => 0
            [reviews_allowed] => 1
            [average_rating] => 0.00
            [rating_count] => 0
            [related_ids] => Array
                (
                    [0] => 549
                    [1] => 120
                    [2] => 560
                    [3] => 166
                    [4] => 518
                )

            [upsell_ids] => Array
                (
                )

            [cross_sell_ids] => Array
                (
                )

            [parent_id] => 0
            [purchase_note] => 
            [categories] => Array
                (
                    [0] => Array
                        (
                            [id] => 15
                            [name] => Uncategorized
                            [slug] => uncategorized
                        )

                )

            [tags] => Array
                (
                )

            [images] => Array
                (
                    [0] => Array
                        (
                            [id] => 583
                            [date_created] => 2018-12-04T02:36:28
                            [date_created_gmt] => 2018-12-04T02:36:28
                            [date_modified] => 2018-12-04T02:36:28
                            [date_modified_gmt] => 2018-12-04T02:36:28
                            [src] => http://d-hellogorilla.test/wp-content/uploads/2018/12/갤럭시메이커-2.jpg
                            [name] => 갤럭시메이커-2
                            [alt] => 
                            [position] => 0
                        )

                )

            [attributes] => Array
                (
                )

            [default_attributes] => Array
                (
                )

            [variations] => Array
                (
                )

            [grouped_products] => Array
                (
                )

            [menu_order] => 0
            [meta_data] => Array
                (
                    [0] => Array
                        (
                            [id] => 1829
                            [key] => iamport_naverpay_free_shipping_method_zone_0
                            [value] => always
                        )

                    [1] => Array
                        (
                            [id] => 1830
                            [key] => iamport_naverpay_shipping_method_zone_0
                            [value] => none
                        )

                    [2] => Array
                        (
                            [id] => 1831
                            [key] => iamport_naverpay_shipping_surcharge_area_island
                            [value] => 
                        )

                    [3] => Array
                        (
                            [id] => 1832
                            [key] => iamport_naverpay_shipping_surcharge_area_jeju
                            [value] => 
                        )

                    [4] => Array
                        (
                            [id] => 1833
                            [key] => slide_template
                            [value] => default
                        )

                    [5] => Array
                        (
                            [id] => 1834
                            [key] => page_product_layout
                            [value] => inherit
                        )

                    [6] => Array
                        (
                            [id] => 1835
                            [key] => page_product_youtube
                            [value] => 
                        )

                    [7] => Array
                        (
                            [id] => 1836
                            [key] => product_full_screen_description_meta_box_check
                            [value] => off
                        )

                    [8] => Array
                        (
                            [id] => 1837
                            [key] => _wpb_vc_js_status
                            [value] => true
                        )

                    [9] => Array
                        (
                            [id] => 1838
                            [key] => _oembed_ce2774d74ae80e1385c5836b6dbac813
                            [value] => <iframe src="https://player.vimeo.com/video/51589652?app_id=122963" width="900" height="506" frameborder="0" title="Timelapse - Lighthouse (Oct 2012)" allow="autoplay; fullscreen" allowfullscreen></iframe>
                        )

                    [10] => Array
                        (
                            [id] => 1839
                            [key] => _oembed_time_ce2774d74ae80e1385c5836b6dbac813
                            [value] => 1541749456
                        )

                )

            [vendor_id] => 1
            [vendor_nickname] => admin
            [vendor_img_profile] => 
            [vendor_short_desc] => 
            [_links] => Array
                (
                    [self] => Array
                        (
                            [0] => Array
                                (
                                    [href] => http://d-hellogorilla.test/wp-json/wc/v2/products/561
                                )

                        )

                    [collection] => Array
                        (
                            [0] => Array
                                (
                                    [href] => http://d-hellogorilla.test/wp-json/wc/v2/products
                                )

                        )

                )

            [original_price] => 50000
            [line_total] => 100000
            [product_name] => 갤럭시 메이커
            [product_id] => 561
        )

    [1] => Array
        (
            [quantity] => 1
            [id] => 136
            [name] => 비버를 구하라
            [slug] => p4
            [permalink] => http://d-hellogorilla.test/product/p4/
            [date_created] => 2018-10-12T13:34:21
            [date_created_gmt] => 2018-10-12T13:34:21
            [date_modified] => 2018-10-18T22:59:36
            [date_modified_gmt] => 2018-10-18T22:59:36
            [type] => simple
            [status] => publish
            [featured] => 
            [catalog_visibility] => visible
            [description] => 
            [short_description] => <p>비버가 물에 빠지지 않게 통나무를 빼면서</p>
<p>게임으로 무게중심을 익힐 수 있어요.</p>

            [sku] => 
            [price] => 801
            [regular_price] => 801
            [sale_price] => 
            [date_on_sale_from] => 
            [date_on_sale_from_gmt] => 
            [date_on_sale_to] => 
            [date_on_sale_to_gmt] => 
            [price_html] => <span class="woocommerce-Price-amount amount"><span class="woocommerce-Price-currencySymbol">&#8361;</span>801</span>
            [on_sale] => 
            [purchasable] => 1
            [total_sales] => 0
            [virtual] => 
            [downloadable] => 
            [downloads] => Array
                (
                )

            [download_limit] => -1
            [download_expiry] => -1
            [external_url] => 
            [button_text] => 
            [tax_status] => taxable
            [tax_class] => 
            [manage_stock] => 
            [stock_quantity] => 
            [in_stock] => 1
            [backorders] => no
            [backorders_allowed] => 
            [backordered] => 
            [sold_individually] => 
            [weight] => 
            [dimensions] => Array
                (
                    [length] => 
                    [width] => 
                    [height] => 
                )

            [shipping_required] => 1
            [shipping_taxable] => 1
            [shipping_class] => 
            [shipping_class_id] => 0
            [reviews_allowed] => 1
            [average_rating] => 0.00
            [rating_count] => 0
            [related_ids] => Array
                (
                    [0] => 164
                )

            [upsell_ids] => Array
                (
                )

            [cross_sell_ids] => Array
                (
                )

            [parent_id] => 0
            [purchase_note] => 
            [categories] => Array
                (
                    [0] => Array
                        (
                            [id] => 19
                            [name] => 카테고리 3
                            [slug] => category-3
                        )

                )

            [tags] => Array
                (
                )

            [images] => Array
                (
                    [0] => Array
                        (
                            [id] => 189
                            [date_created] => 2018-10-18T22:59:29
                            [date_created_gmt] => 2018-10-18T22:59:29
                            [date_modified] => 2018-10-18T22:59:29
                            [date_modified_gmt] => 2018-10-18T22:59:29
                            [src] => http://d-hellogorilla.test/wp-content/uploads/2018/10/Screen-Shot-2018-10-19-at-7.59.22-AM.png
                            [name] => Screen Shot 2018-10-19 at 7.59.22 AM
                            [alt] => 
                            [position] => 0
                        )

                )

            [attributes] => Array
                (
                )

            [default_attributes] => Array
                (
                )

            [variations] => Array
                (
                )

            [grouped_products] => Array
                (
                )

            [menu_order] => 0
            [meta_data] => Array
                (
                    [0] => Array
                        (
                            [id] => 361
                            [key] => iamport_naverpay_free_shipping_method_zone_0
                            [value] => always
                        )

                    [1] => Array
                        (
                            [id] => 362
                            [key] => iamport_naverpay_shipping_method_zone_0
                            [value] => none
                        )

                    [2] => Array
                        (
                            [id] => 363
                            [key] => iamport_naverpay_shipping_surcharge_area_island
                            [value] => 
                        )

                    [3] => Array
                        (
                            [id] => 364
                            [key] => iamport_naverpay_shipping_surcharge_area_jeju
                            [value] => 
                        )

                    [4] => Array
                        (
                            [id] => 580
                            [key] => _vc_post_settings
                            [value] => Array
                                (
                                    [vc_grid_id] => Array
                                        (
                                        )

                                )

                        )

                )

            [vendor_id] => 1
            [vendor_nickname] => admin
            [vendor_img_profile] => 
            [vendor_short_desc] => 
            [_links] => Array
                (
                    [self] => Array
                        (
                            [0] => Array
                                (
                                    [href] => http://d-hellogorilla.test/wp-json/wc/v2/products/136
                                )

                        )

                    [collection] => Array
                        (
                            [0] => Array
                                (
                                    [href] => http://d-hellogorilla.test/wp-json/wc/v2/products
                                )

                        )

                )

            [original_price] => 801
            [line_total] => 801
            [product_name] => 비버를 구하라
            [product_id] => 136
        )

)

$fixed_items : 
Array
(
    [0] => Array
        (
            [quantity] => 2
            [id] => 561
            [name] => 갤럭시 메이커
            [slug] => %ea%b0%a4%eb%9f%ad%ec%8b%9c-%eb%a9%94%ec%9d%b4%ec%bb%a4
            [permalink] => http://d-hellogorilla.test/product/%ea%b0%a4%eb%9f%ad%ec%8b%9c-%eb%a9%94%ec%9d%b4%ec%bb%a4/
            [date_created] => 2018-11-26T02:05:52
            [date_created_gmt] => 2018-11-26T02:05:52
            [date_modified] => 2018-12-04T02:47:50
            [date_modified_gmt] => 2018-12-04T02:47:50
            [type] => simple
            [status] => publish
            [featured] => 
            [catalog_visibility] => visible
            [description] => <p>[vc_row][vc_column][vc_empty_space height="50px"][/vc_column][/vc_row][vc_row][vc_column][vc_separator border_width="3"][vc_column_text]<strong><span style="color: #5f62ba;">패턴을 만들고 자신만의 우주를 만들어가는 우주 스탬프 찍기 세트는 감성지능 영역 중 공감적 이해력을 중심으로 자기조절력, 색채감성, 형태감성, 공간지능, 논리수학지능을 키워주는 아트 프로그램입니다.  </span></strong>[/vc_column_text][vc_separator border_width="3"][/vc_column][/vc_row][vc_row][vc_column][vc_column_text]추미림 작가는 ‘우리의 세상을 인공위성에서 바라보면 어떤 모습일까?’라는 질문을 시작으로 작품을 만들었습니다. 위에서 바라본 빌딩의 모습을 마치 컴퓨터의 네모난 픽셀처럼 세상을 그립니다.</p>
<p>그래서 그녀의 작품 속 사람들은 모두 머리가 네모납니다. 거대한 우주 안에서 우리의 모습은 어떨까 상상해보세요.[/vc_column_text][/vc_column][/vc_row][vc_row][vc_column][vc_video][/vc_column][/vc_row][vc_row][vc_column][vc_column_text]추미림 작가의 GALLEXY MAKER는 우주를 스스로 창조할 수 있게 만들어주는 아트 키트입니다. 그녀는 자신의 작품의 밑그림을 아이들에게 만들어주었습니다. 작가가 먼저 시작한 작품을 아이와 완성할 수 있도록 해주세요.[/vc_column_text][/vc_column][/vc_row][vc_row][vc_column][vc_column_text]아이에게 작품의 도안이 되는 종이를 보여주세요. 이것은 거대한 우주입니다. 네모난 픽셀은 그 안의 인간들입니다. 아이들이 좋아하는 게임 속 세계와도 비슷해보여요.[/vc_column_text][/vc_column][/vc_row][vc_row][vc_column][vc_single_image image="582" img_size="full"][/vc_column][/vc_row][vc_row][vc_column][vc_column_text]추미림 작가가 직접 만든 도장은 여러 가지 모양의 네모입니다. 아이가 다양한 크기와 다양한 모양의 네모로 자신의 커다란 우주를 만들 수 있도록 충분한 시간을 주세요.</p>
<p>추미림 작가가 완성한 시간은 한 시간 정도 걸렸어요.[/vc_column_text][/vc_column][/vc_row][vc_row][vc_column][vc_column_text]도장을 찍은 다음에는 그 모양들을 연결하거나 옆에 덧대어 그림을 그려서 새로운 이야기를 만들수 있도록 해주세요.[/vc_column_text][/vc_column][/vc_row][vc_row][vc_column][vc_column_text]짜잔~ 작품이 완성이 되었다면 벽이나 냉장고에 붙여서 전시해주세요.</p>
<p>이제, 작가가 똑 같은 도안으로 작품을 완성하는 영상을 보여드릴게요.[/vc_column_text][/vc_column][/vc_row][vc_row][vc_column][vc_single_image image="584" img_size="full"][/vc_column][/vc_row][vc_row][vc_column width="1/2"][vc_column_text]-작품 종이</p>
<p>-바닥 종이</p>
<p>-활동 설명 소책자[/vc_column_text][/vc_column][vc_column width="1/2"][vc_column_text]-도장 8개</p>
<p>-도장 패드</p>
<p>-색연필[/vc_column_text][/vc_column][/vc_row][vc_row][vc_column][vc_separator border_width="5"][vc_column_text]<span style="color: #918f8f; font-size: 11px;">· 연령: 5세 이상</span><br />
<span style="color: #918f8f; font-size: 11px;">· 크기: w 20 x h 35 x d 15 (cm)</span><br />
<span style="color: #918f8f; font-size: 11px;">· 재질: 고무나무</span><br />
<span style="color: #918f8f; font-size: 11px;">· 제조국: 태국</span>[/vc_column_text][vc_separator border_width="5"][/vc_column][/vc_row]</p>

            [short_description] => <p><strong>나만의 우주를 픽셀 도장으로 만들어요! </strong></p>

            [sku] => 
            [price] => 50000
            [regular_price] => 50000
            [sale_price] => 
            [date_on_sale_from] => 
            [date_on_sale_from_gmt] => 
            [date_on_sale_to] => 
            [date_on_sale_to_gmt] => 
            [price_html] => <span class="woocommerce-Price-amount amount"><span class="woocommerce-Price-currencySymbol">&#8361;</span>50,000</span>
            [on_sale] => 
            [purchasable] => 1
            [total_sales] => 0
            [virtual] => 
            [downloadable] => 
            [downloads] => Array
                (
                )

            [download_limit] => -1
            [download_expiry] => -1
            [external_url] => 
            [button_text] => 
            [tax_status] => taxable
            [tax_class] => 
            [manage_stock] => 
            [stock_quantity] => 
            [in_stock] => 1
            [backorders] => no
            [backorders_allowed] => 
            [backordered] => 
            [sold_individually] => 
            [weight] => 
            [dimensions] => Array
                (
                    [length] => 
                    [width] => 
                    [height] => 
                )

            [shipping_required] => 1
            [shipping_taxable] => 1
            [shipping_class] => 
            [shipping_class_id] => 0
            [reviews_allowed] => 1
            [average_rating] => 0.00
            [rating_count] => 0
            [related_ids] => Array
                (
                    [0] => 549
                    [1] => 120
                    [2] => 560
                    [3] => 166
                    [4] => 518
                )

            [upsell_ids] => Array
                (
                )

            [cross_sell_ids] => Array
                (
                )

            [parent_id] => 0
            [purchase_note] => 
            [categories] => Array
                (
                    [0] => Array
                        (
                            [id] => 15
                            [name] => Uncategorized
                            [slug] => uncategorized
                        )

                )

            [tags] => Array
                (
                )

            [images] => Array
                (
                    [0] => Array
                        (
                            [id] => 583
                            [date_created] => 2018-12-04T02:36:28
                            [date_created_gmt] => 2018-12-04T02:36:28
                            [date_modified] => 2018-12-04T02:36:28
                            [date_modified_gmt] => 2018-12-04T02:36:28
                            [src] => http://d-hellogorilla.test/wp-content/uploads/2018/12/갤럭시메이커-2.jpg
                            [name] => 갤럭시메이커-2
                            [alt] => 
                            [position] => 0
                        )

                )

            [attributes] => Array
                (
                )

            [default_attributes] => Array
                (
                )

            [variations] => Array
                (
                )

            [grouped_products] => Array
                (
                )

            [menu_order] => 0
            [meta_data] => Array
                (
                    [0] => Array
                        (
                            [id] => 1829
                            [key] => iamport_naverpay_free_shipping_method_zone_0
                            [value] => always
                        )

                    [1] => Array
                        (
                            [id] => 1830
                            [key] => iamport_naverpay_shipping_method_zone_0
                            [value] => none
                        )

                    [2] => Array
                        (
                            [id] => 1831
                            [key] => iamport_naverpay_shipping_surcharge_area_island
                            [value] => 
                        )

                    [3] => Array
                        (
                            [id] => 1832
                            [key] => iamport_naverpay_shipping_surcharge_area_jeju
                            [value] => 
                        )

                    [4] => Array
                        (
                            [id] => 1833
                            [key] => slide_template
                            [value] => default
                        )

                    [5] => Array
                        (
                            [id] => 1834
                            [key] => page_product_layout
                            [value] => inherit
                        )

                    [6] => Array
                        (
                            [id] => 1835
                            [key] => page_product_youtube
                            [value] => 
                        )

                    [7] => Array
                        (
                            [id] => 1836
                            [key] => product_full_screen_description_meta_box_check
                            [value] => off
                        )

                    [8] => Array
                        (
                            [id] => 1837
                            [key] => _wpb_vc_js_status
                            [value] => true
                        )

                    [9] => Array
                        (
                            [id] => 1838
                            [key] => _oembed_ce2774d74ae80e1385c5836b6dbac813
                            [value] => <iframe src="https://player.vimeo.com/video/51589652?app_id=122963" width="900" height="506" frameborder="0" title="Timelapse - Lighthouse (Oct 2012)" allow="autoplay; fullscreen" allowfullscreen></iframe>
                        )

                    [10] => Array
                        (
                            [id] => 1839
                            [key] => _oembed_time_ce2774d74ae80e1385c5836b6dbac813
                            [value] => 1541749456
                        )

                )

            [vendor_id] => 1
            [vendor_nickname] => admin
            [vendor_img_profile] => 
            [vendor_short_desc] => 
            [_links] => Array
                (
                    [self] => Array
                        (
                            [0] => Array
                                (
                                    [href] => http://d-hellogorilla.test/wp-json/wc/v2/products/561
                                )

                        )

                    [collection] => Array
                        (
                            [0] => Array
                                (
                                    [href] => http://d-hellogorilla.test/wp-json/wc/v2/products
                                )

                        )

                )

            [original_price] => 50000
            [line_total] => 100000
            [product_name] => 갤럭시 메이커
            [product_id] => 561
        )

    [1] => Array
        (
            [quantity] => 1
            [id] => 136
            [name] => 비버를 구하라
            [slug] => p4
            [permalink] => http://d-hellogorilla.test/product/p4/
            [date_created] => 2018-10-12T13:34:21
            [date_created_gmt] => 2018-10-12T13:34:21
            [date_modified] => 2018-10-18T22:59:36
            [date_modified_gmt] => 2018-10-18T22:59:36
            [type] => simple
            [status] => publish
            [featured] => 
            [catalog_visibility] => visible
            [description] => 
            [short_description] => <p>비버가 물에 빠지지 않게 통나무를 빼면서</p>
<p>게임으로 무게중심을 익힐 수 있어요.</p>

            [sku] => 
            [price] => 801
            [regular_price] => 801
            [sale_price] => 
            [date_on_sale_from] => 
            [date_on_sale_from_gmt] => 
            [date_on_sale_to] => 
            [date_on_sale_to_gmt] => 
            [price_html] => <span class="woocommerce-Price-amount amount"><span class="woocommerce-Price-currencySymbol">&#8361;</span>801</span>
            [on_sale] => 
            [purchasable] => 1
            [total_sales] => 0
            [virtual] => 
            [downloadable] => 
            [downloads] => Array
                (
                )

            [download_limit] => -1
            [download_expiry] => -1
            [external_url] => 
            [button_text] => 
            [tax_status] => taxable
            [tax_class] => 
            [manage_stock] => 
            [stock_quantity] => 
            [in_stock] => 1
            [backorders] => no
            [backorders_allowed] => 
            [backordered] => 
            [sold_individually] => 
            [weight] => 
            [dimensions] => Array
                (
                    [length] => 
                    [width] => 
                    [height] => 
                )

            [shipping_required] => 1
            [shipping_taxable] => 1
            [shipping_class] => 
            [shipping_class_id] => 0
            [reviews_allowed] => 1
            [average_rating] => 0.00
            [rating_count] => 0
            [related_ids] => Array
                (
                    [0] => 164
                )

            [upsell_ids] => Array
                (
                )

            [cross_sell_ids] => Array
                (
                )

            [parent_id] => 0
            [purchase_note] => 
            [categories] => Array
                (
                    [0] => Array
                        (
                            [id] => 19
                            [name] => 카테고리 3
                            [slug] => category-3
                        )

                )

            [tags] => Array
                (
                )

            [images] => Array
                (
                    [0] => Array
                        (
                            [id] => 189
                            [date_created] => 2018-10-18T22:59:29
                            [date_created_gmt] => 2018-10-18T22:59:29
                            [date_modified] => 2018-10-18T22:59:29
                            [date_modified_gmt] => 2018-10-18T22:59:29
                            [src] => http://d-hellogorilla.test/wp-content/uploads/2018/10/Screen-Shot-2018-10-19-at-7.59.22-AM.png
                            [name] => Screen Shot 2018-10-19 at 7.59.22 AM
                            [alt] => 
                            [position] => 0
                        )

                )

            [attributes] => Array
                (
                )

            [default_attributes] => Array
                (
                )

            [variations] => Array
                (
                )

            [grouped_products] => Array
                (
                )

            [menu_order] => 0
            [meta_data] => Array
                (
                    [0] => Array
                        (
                            [id] => 361
                            [key] => iamport_naverpay_free_shipping_method_zone_0
                            [value] => always
                        )

                    [1] => Array
                        (
                            [id] => 362
                            [key] => iamport_naverpay_shipping_method_zone_0
                            [value] => none
                        )

                    [2] => Array
                        (
                            [id] => 363
                            [key] => iamport_naverpay_shipping_surcharge_area_island
                            [value] => 
                        )

                    [3] => Array
                        (
                            [id] => 364
                            [key] => iamport_naverpay_shipping_surcharge_area_jeju
                            [value] => 
                        )

                    [4] => Array
                        (
                            [id] => 580
                            [key] => _vc_post_settings
                            [value] => Array
                                (
                                    [vc_grid_id] => Array
                                        (
                                        )

                                )

                        )

                )

            [vendor_id] => 1
            [vendor_nickname] => admin
            [vendor_img_profile] => 
            [vendor_short_desc] => 
            [_links] => Array
                (
                    [self] => Array
                        (
                            [0] => Array
                                (
                                    [href] => http://d-hellogorilla.test/wp-json/wc/v2/products/136
                                )

                        )

                    [collection] => Array
                        (
                            [0] => Array
                                (
                                    [href] => http://d-hellogorilla.test/wp-json/wc/v2/products
                                )

                        )

                )

            [original_price] => 801
            [line_total] => 801
            [product_name] => 비버를 구하라
            [product_id] => 136
        )

)

