2018-10-28T13:12:41+00:00 CRITICAL Uncaught Error: Call to undefined function get_field() in /srv/www/hellogorilla/public_html/wp-content/plugins/woocommerce/templates/single-product/title.php:25
Stack trace:
#0 /srv/www/hellogorilla/public_html/wp-content/plugins/woocommerce/includes/wc-core-functions.php(210): include()
#1 /srv/www/hellogorilla/public_html/wp-content/plugins/woocommerce/includes/wc-template-functions.php(1430): wc_get_template('single-product/...')
#2 /srv/www/hellogorilla/public_html/wp-includes/class-wp-hook.php(286): woocommerce_template_single_title('')
#3 /srv/www/hellogorilla/public_html/wp-includes/class-wp-hook.php(310): WP_Hook->apply_filters('', Array)
#4 /srv/www/hellogorilla/public_html/wp-includes/plugin.php(453): WP_Hook->do_action(Array)
#5 /srv/www/hellogorilla/public_html/wp-content/plugins/woocommerce/templates/content-single-product.php(58): do_action('woocommerce_sin...')
#6 /srv/www/hellogorilla/public_html/wp-includes/template.php(690): require('/srv/www/hellog...')
#7 /srv/www/hellogorilla/public_html/

2018-10-28T13:12:59+00:00 CRITICAL Uncaught Error: Call to undefined function get_field() in /srv/www/hellogorilla/public_html/wp-content/plugins/woocommerce/templates/single-product/title.php:25
Stack trace:
#0 /srv/www/hellogorilla/public_html/wp-content/plugins/woocommerce/includes/wc-core-functions.php(210): include()
#1 /srv/www/hellogorilla/public_html/wp-content/plugins/woocommerce/includes/wc-template-functions.php(1430): wc_get_template('single-product/...')
#2 /srv/www/hellogorilla/public_html/wp-includes/class-wp-hook.php(286): woocommerce_template_single_title('')
#3 /srv/www/hellogorilla/public_html/wp-includes/class-wp-hook.php(310): WP_Hook->apply_filters('', Array)
#4 /srv/www/hellogorilla/public_html/wp-includes/plugin.php(453): WP_Hook->do_action(Array)
#5 /srv/www/hellogorilla/public_html/wp-content/plugins/woocommerce/templates/content-single-product.php(58): do_action('woocommerce_sin...')
#6 /srv/www/hellogorilla/public_html/wp-includes/template.php(690): require('/srv/www/hellog...')
#7 /srv/www/hellogorilla/public_html/

2018-10-28T20:22:57+00:00 CRITICAL Uncaught Error: Cannot use object of type WP_REST_Response as array in /srv/www/hellogorilla/public_html/wp-content/themes/hellogorilla/functions.php:371
Stack trace:
#0 /srv/www/hellogorilla/public_html/wp-includes/class-wp-hook.php(288): custom_products_api_data(Object(WP_REST_Response), Object(WC_Product_Simple))
#1 /srv/www/hellogorilla/public_html/wp-includes/plugin.php(203): WP_Hook->apply_filters(Object(WP_REST_Response), Array)
#2 /srv/www/hellogorilla/public_html/wp-content/plugins/woocommerce/includes/api/class-wc-rest-products-controller.php(181): apply_filters('woocommerce_res...', Object(WP_REST_Response), Object(WC_Product_Simple), Object(WP_REST_Request))
#3 /srv/www/hellogorilla/public_html/wp-content/plugins/woocommerce/includes/abstracts/abstract-wc-rest-crud-controller.php(143): WC_REST_Products_Controller->prepare_object_for_response(Object(WC_Product_Simple), Object(WP_REST_Request))
#4 /srv/www/hellogorilla/public_html/wp-includes/rest-api/class-wp-rest-server.php(936): WC_REST_CRUD_Cont

2018-10-28T20:22:58+00:00 CRITICAL Uncaught Error: Cannot use object of type WP_REST_Response as array in /srv/www/hellogorilla/public_html/wp-content/themes/hellogorilla/functions.php:371
Stack trace:
#0 /srv/www/hellogorilla/public_html/wp-includes/class-wp-hook.php(288): custom_products_api_data(Object(WP_REST_Response), Object(WC_Product_Simple))
#1 /srv/www/hellogorilla/public_html/wp-includes/plugin.php(203): WP_Hook->apply_filters(Object(WP_REST_Response), Array)
#2 /srv/www/hellogorilla/public_html/wp-content/plugins/woocommerce/includes/api/class-wc-rest-products-controller.php(181): apply_filters('woocommerce_res...', Object(WP_REST_Response), Object(WC_Product_Simple), Object(WP_REST_Request))
#3 /srv/www/hellogorilla/public_html/wp-content/plugins/woocommerce/includes/abstracts/abstract-wc-rest-crud-controller.php(143): WC_REST_Products_Controller->prepare_object_for_response(Object(WC_Product_Simple), Object(WP_REST_Request))
#4 /srv/www/hellogorilla/public_html/wp-includes/rest-api/class-wp-rest-server.php(936): WC_REST_CRUD_Cont

2018-10-28T20:23:48+00:00 CRITICAL Uncaught Error: Cannot use object of type WP_REST_Response as array in /srv/www/hellogorilla/public_html/wp-content/themes/hellogorilla/functions.php:371
Stack trace:
#0 /srv/www/hellogorilla/public_html/wp-includes/class-wp-hook.php(288): custom_products_api_data(Object(WP_REST_Response), Object(WC_Product_Simple))
#1 /srv/www/hellogorilla/public_html/wp-includes/plugin.php(203): WP_Hook->apply_filters(Object(WP_REST_Response), Array)
#2 /srv/www/hellogorilla/public_html/wp-content/plugins/woocommerce/includes/api/class-wc-rest-products-controller.php(181): apply_filters('woocommerce_res...', Object(WP_REST_Response), Object(WC_Product_Simple), Object(WP_REST_Request))
#3 /srv/www/hellogorilla/public_html/wp-content/plugins/woocommerce/includes/abstracts/abstract-wc-rest-crud-controller.php(143): WC_REST_Products_Controller->prepare_object_for_response(Object(WC_Product_Simple), Object(WP_REST_Request))
#4 /srv/www/hellogorilla/public_html/wp-includes/rest-api/class-wp-rest-server.php(936): WC_REST_CRUD_Cont

2018-10-28T20:23:49+00:00 CRITICAL Uncaught Error: Cannot use object of type WP_REST_Response as array in /srv/www/hellogorilla/public_html/wp-content/themes/hellogorilla/functions.php:371
Stack trace:
#0 /srv/www/hellogorilla/public_html/wp-includes/class-wp-hook.php(288): custom_products_api_data(Object(WP_REST_Response), Object(WC_Product_Simple))
#1 /srv/www/hellogorilla/public_html/wp-includes/plugin.php(203): WP_Hook->apply_filters(Object(WP_REST_Response), Array)
#2 /srv/www/hellogorilla/public_html/wp-content/plugins/woocommerce/includes/api/class-wc-rest-products-controller.php(181): apply_filters('woocommerce_res...', Object(WP_REST_Response), Object(WC_Product_Simple), Object(WP_REST_Request))
#3 /srv/www/hellogorilla/public_html/wp-content/plugins/woocommerce/includes/abstracts/abstract-wc-rest-crud-controller.php(143): WC_REST_Products_Controller->prepare_object_for_response(Object(WC_Product_Simple), Object(WP_REST_Request))
#4 /srv/www/hellogorilla/public_html/wp-includes/rest-api/class-wp-rest-server.php(936): WC_REST_CRUD_Cont

2018-10-28T20:24:08+00:00 CRITICAL Uncaught Error: Cannot use object of type WP_REST_Response as array in /srv/www/hellogorilla/public_html/wp-content/themes/hellogorilla/functions.php:371
Stack trace:
#0 /srv/www/hellogorilla/public_html/wp-includes/class-wp-hook.php(288): custom_products_api_data(Object(WP_REST_Response), Object(WC_Product_Simple))
#1 /srv/www/hellogorilla/public_html/wp-includes/plugin.php(203): WP_Hook->apply_filters(Object(WP_REST_Response), Array)
#2 /srv/www/hellogorilla/public_html/wp-content/plugins/woocommerce/includes/api/class-wc-rest-products-controller.php(181): apply_filters('woocommerce_res...', Object(WP_REST_Response), Object(WC_Product_Simple), Object(WP_REST_Request))
#3 /srv/www/hellogorilla/public_html/wp-content/plugins/woocommerce/includes/abstracts/abstract-wc-rest-crud-controller.php(143): WC_REST_Products_Controller->prepare_object_for_response(Object(WC_Product_Simple), Object(WP_REST_Request))
#4 /srv/www/hellogorilla/public_html/wp-includes/rest-api/class-wp-rest-server.php(936): WC_REST_CRUD_Cont

2018-10-28T20:24:09+00:00 CRITICAL Uncaught Error: Cannot use object of type WP_REST_Response as array in /srv/www/hellogorilla/public_html/wp-content/themes/hellogorilla/functions.php:371
Stack trace:
#0 /srv/www/hellogorilla/public_html/wp-includes/class-wp-hook.php(288): custom_products_api_data(Object(WP_REST_Response), Object(WC_Product_Simple))
#1 /srv/www/hellogorilla/public_html/wp-includes/plugin.php(203): WP_Hook->apply_filters(Object(WP_REST_Response), Array)
#2 /srv/www/hellogorilla/public_html/wp-content/plugins/woocommerce/includes/api/class-wc-rest-products-controller.php(181): apply_filters('woocommerce_res...', Object(WP_REST_Response), Object(WC_Product_Simple), Object(WP_REST_Request))
#3 /srv/www/hellogorilla/public_html/wp-content/plugins/woocommerce/includes/abstracts/abstract-wc-rest-crud-controller.php(143): WC_REST_Products_Controller->prepare_object_for_response(Object(WC_Product_Simple), Object(WP_REST_Request))
#4 /srv/www/hellogorilla/public_html/wp-includes/rest-api/class-wp-rest-server.php(936): WC_REST_CRUD_Cont

2018-10-28T20:24:49+00:00 CRITICAL Uncaught Error: Cannot use object of type WP_REST_Response as array in /srv/www/hellogorilla/public_html/wp-content/themes/hellogorilla/functions.php:377
Stack trace:
#0 /srv/www/hellogorilla/public_html/wp-includes/class-wp-hook.php(288): custom_products_api_data(Object(WP_REST_Response), Object(WC_Product_Simple))
#1 /srv/www/hellogorilla/public_html/wp-includes/plugin.php(203): WP_Hook->apply_filters(Object(WP_REST_Response), Array)
#2 /srv/www/hellogorilla/public_html/wp-content/plugins/woocommerce/includes/api/class-wc-rest-products-controller.php(181): apply_filters('woocommerce_res...', Object(WP_REST_Response), Object(WC_Product_Simple), Object(WP_REST_Request))
#3 /srv/www/hellogorilla/public_html/wp-content/plugins/woocommerce/includes/abstracts/abstract-wc-rest-crud-controller.php(143): WC_REST_Products_Controller->prepare_object_for_response(Object(WC_Product_Simple), Object(WP_REST_Request))
#4 /srv/www/hellogorilla/public_html/wp-includes/rest-api/class-wp-rest-server.php(936): WC_REST_CRUD_Cont

2018-10-28T20:24:51+00:00 CRITICAL Uncaught Error: Cannot use object of type WP_REST_Response as array in /srv/www/hellogorilla/public_html/wp-content/themes/hellogorilla/functions.php:377
Stack trace:
#0 /srv/www/hellogorilla/public_html/wp-includes/class-wp-hook.php(288): custom_products_api_data(Object(WP_REST_Response), Object(WC_Product_Simple))
#1 /srv/www/hellogorilla/public_html/wp-includes/plugin.php(203): WP_Hook->apply_filters(Object(WP_REST_Response), Array)
#2 /srv/www/hellogorilla/public_html/wp-content/plugins/woocommerce/includes/api/class-wc-rest-products-controller.php(181): apply_filters('woocommerce_res...', Object(WP_REST_Response), Object(WC_Product_Simple), Object(WP_REST_Request))
#3 /srv/www/hellogorilla/public_html/wp-content/plugins/woocommerce/includes/abstracts/abstract-wc-rest-crud-controller.php(143): WC_REST_Products_Controller->prepare_object_for_response(Object(WC_Product_Simple), Object(WP_REST_Request))
#4 /srv/www/hellogorilla/public_html/wp-includes/rest-api/class-wp-rest-server.php(936): WC_REST_CRUD_Cont

