2018-10-11T08:12:36+00:00 CRITICAL Uncaught Error: Class 'ruucm\WPR\HelloGorilla' not found in /srv/www/hellogorilla/public_html/wp-content/plugins/hellogorilla-ui-helper/cnyttan-ui-helper.php:81
Stack trace:
#0 /srv/www/hellogorilla/public_html/wp-includes/class-wp-hook.php(286): ruucm\WPR\init('')
#1 /srv/www/hellogorilla/public_html/wp-includes/class-wp-hook.php(310): WP_Hook->apply_filters(NULL, Array)
#2 /srv/www/hellogorilla/public_html/wp-includes/plugin.php(453): WP_Hook->do_action(Array)
#3 /srv/www/hellogorilla/public_html/wp-settings.php(327): do_action('plugins_loaded')
#4 /srv/www/hellogorilla/public_html/wp-config.php(79): require_once('/srv/www/hellog...')
#5 /srv/www/hellogorilla/public_html/wp-load.php(37): require_once('/srv/www/hellog...')
#6 /srv/www/hellogorilla/public_html/wp-admin/admin.php(31): require_once('/srv/www/hellog...')
#7 /srv/www/hellogorilla/public_html/wp-admin/plugins.php(10): require_once('/srv/www/hellog...')
#8 {main}
  thrown

2018-10-11T08:12:47+00:00 CRITICAL Uncaught Error: Class 'ruucm\WPR\HelloGorilla' not found in /srv/www/hellogorilla/public_html/wp-content/plugins/hellogorilla-ui-helper/cnyttan-ui-helper.php:81
Stack trace:
#0 /srv/www/hellogorilla/public_html/wp-includes/class-wp-hook.php(286): ruucm\WPR\init('')
#1 /srv/www/hellogorilla/public_html/wp-includes/class-wp-hook.php(310): WP_Hook->apply_filters(NULL, Array)
#2 /srv/www/hellogorilla/public_html/wp-includes/plugin.php(453): WP_Hook->do_action(Array)
#3 /srv/www/hellogorilla/public_html/wp-settings.php(327): do_action('plugins_loaded')
#4 /srv/www/hellogorilla/public_html/wp-config.php(79): require_once('/srv/www/hellog...')
#5 /srv/www/hellogorilla/public_html/wp-load.php(37): require_once('/srv/www/hellog...')
#6 /srv/www/hellogorilla/public_html/wp-admin/admin.php(31): require_once('/srv/www/hellog...')
#7 /srv/www/hellogorilla/public_html/wp-admin/plugins.php(10): require_once('/srv/www/hellog...')
#8 {main}
  thrown

2018-10-11T08:13:31+00:00 CRITICAL Uncaught Error: Class 'ruucm\WPR\HelloGorilla' not found in /srv/www/hellogorilla/public_html/wp-content/plugins/hellogorilla-ui-helper/hellogorilla-ui-helper.php:81
Stack trace:
#0 /srv/www/hellogorilla/public_html/wp-includes/class-wp-hook.php(286): ruucm\WPR\init('')
#1 /srv/www/hellogorilla/public_html/wp-includes/class-wp-hook.php(310): WP_Hook->apply_filters(NULL, Array)
#2 /srv/www/hellogorilla/public_html/wp-includes/plugin.php(453): WP_Hook->do_action(Array)
#3 /srv/www/hellogorilla/public_html/wp-settings.php(327): do_action('plugins_loaded')
#4 /srv/www/hellogorilla/public_html/wp-config.php(79): require_once('/srv/www/hellog...')
#5 /srv/www/hellogorilla/public_html/wp-load.php(37): require_once('/srv/www/hellog...')
#6 /srv/www/hellogorilla/public_html/wp-admin/admin.php(31): require_once('/srv/www/hellog...')
#7 /srv/www/hellogorilla/public_html/wp-admin/plugins.php(10): require_once('/srv/www/hellog...')
#8 {main}
  thrown

2018-10-11T08:20:56+00:00 CRITICAL Uncaught Error: Call to undefined function get_field() in /srv/www/hellogorilla/public_html/wp-content/plugins/woocommerce/templates/single-product/title.php:25
Stack trace:
#0 /srv/www/hellogorilla/public_html/wp-content/plugins/woocommerce/includes/wc-core-functions.php(210): include()
#1 /srv/www/hellogorilla/public_html/wp-content/plugins/woocommerce/includes/wc-template-functions.php(1430): wc_get_template('single-product/...')
#2 /srv/www/hellogorilla/public_html/wp-includes/class-wp-hook.php(286): woocommerce_template_single_title('')
#3 /srv/www/hellogorilla/public_html/wp-includes/class-wp-hook.php(310): WP_Hook->apply_filters('', Array)
#4 /srv/www/hellogorilla/public_html/wp-includes/plugin.php(453): WP_Hook->do_action(Array)
#5 /srv/www/hellogorilla/public_html/wp-content/plugins/woocommerce/templates/content-single-product.php(58): do_action('woocommerce_sin...')
#6 /srv/www/hellogorilla/public_html/wp-includes/template.php(690): require('/srv/www/hellog...')
#7 /srv/www/hellogorilla/public_html/

2018-10-11T08:21:00+00:00 CRITICAL Uncaught Error: Call to undefined function get_field() in /srv/www/hellogorilla/public_html/wp-content/plugins/woocommerce/templates/single-product/title.php:25
Stack trace:
#0 /srv/www/hellogorilla/public_html/wp-content/plugins/woocommerce/includes/wc-core-functions.php(210): include()
#1 /srv/www/hellogorilla/public_html/wp-content/plugins/woocommerce/includes/wc-template-functions.php(1430): wc_get_template('single-product/...')
#2 /srv/www/hellogorilla/public_html/wp-includes/class-wp-hook.php(286): woocommerce_template_single_title('')
#3 /srv/www/hellogorilla/public_html/wp-includes/class-wp-hook.php(310): WP_Hook->apply_filters('', Array)
#4 /srv/www/hellogorilla/public_html/wp-includes/plugin.php(453): WP_Hook->do_action(Array)
#5 /srv/www/hellogorilla/public_html/wp-content/plugins/woocommerce/templates/content-single-product.php(58): do_action('woocommerce_sin...')
#6 /srv/www/hellogorilla/public_html/wp-includes/template.php(690): require('/srv/www/hellog...')
#7 /srv/www/hellogorilla/public_html/

2018-10-11T08:21:08+00:00 CRITICAL Uncaught Error: Call to undefined function get_field() in /srv/www/hellogorilla/public_html/wp-content/plugins/woocommerce/templates/single-product/title.php:25
Stack trace:
#0 /srv/www/hellogorilla/public_html/wp-content/plugins/woocommerce/includes/wc-core-functions.php(210): include()
#1 /srv/www/hellogorilla/public_html/wp-content/plugins/woocommerce/includes/wc-template-functions.php(1430): wc_get_template('single-product/...')
#2 /srv/www/hellogorilla/public_html/wp-includes/class-wp-hook.php(286): woocommerce_template_single_title('')
#3 /srv/www/hellogorilla/public_html/wp-includes/class-wp-hook.php(310): WP_Hook->apply_filters('', Array)
#4 /srv/www/hellogorilla/public_html/wp-includes/plugin.php(453): WP_Hook->do_action(Array)
#5 /srv/www/hellogorilla/public_html/wp-content/plugins/woocommerce/templates/content-single-product.php(58): do_action('woocommerce_sin...')
#6 /srv/www/hellogorilla/public_html/wp-includes/template.php(690): require('/srv/www/hellog...')
#7 /srv/www/hellogorilla/public_html/

2018-10-11T19:19:02+00:00 CRITICAL Uncaught Error: Cannot use object of type WP_Query as array in /srv/www/hellogorilla/public_html/wp-content/themes/hellogorilla/functions.php:297
Stack trace:
#0 /srv/www/hellogorilla/public_html/wp-includes/rest-api/endpoints/class-wp-rest-controller.php(394): {closure}(Array, 'user_posts', Object(WP_REST_Request), 'user')
#1 /srv/www/hellogorilla/public_html/wp-includes/rest-api/endpoints/class-wp-rest-users-controller.php(917): WP_REST_Controller->add_additional_fields_to_object(Array, Object(WP_REST_Request))
#2 /srv/www/hellogorilla/public_html/wp-includes/rest-api/endpoints/class-wp-rest-users-controller.php(410): WP_REST_Users_Controller->prepare_item_for_response(Object(WP_User), Object(WP_REST_Request))
#3 /srv/www/hellogorilla/public_html/wp-includes/rest-api/class-wp-rest-server.php(936): WP_REST_Users_Controller->get_item(Object(WP_REST_Request))
#4 /srv/www/hellogorilla/public_html/wp-includes/rest-api/class-wp-rest-server.php(321): WP_REST_Server->dispatch(Object(WP_REST_Request))
#5 /srv/www/he

2018-10-11T19:19:12+00:00 CRITICAL Uncaught Error: Cannot use object of type WP_Query as array in /srv/www/hellogorilla/public_html/wp-content/themes/hellogorilla/functions.php:297
Stack trace:
#0 /srv/www/hellogorilla/public_html/wp-includes/rest-api/endpoints/class-wp-rest-controller.php(394): {closure}(Array, 'user_posts', Object(WP_REST_Request), 'user')
#1 /srv/www/hellogorilla/public_html/wp-includes/rest-api/endpoints/class-wp-rest-users-controller.php(917): WP_REST_Controller->add_additional_fields_to_object(Array, Object(WP_REST_Request))
#2 /srv/www/hellogorilla/public_html/wp-includes/rest-api/endpoints/class-wp-rest-users-controller.php(410): WP_REST_Users_Controller->prepare_item_for_response(Object(WP_User), Object(WP_REST_Request))
#3 /srv/www/hellogorilla/public_html/wp-includes/rest-api/class-wp-rest-server.php(936): WP_REST_Users_Controller->get_item(Object(WP_REST_Request))
#4 /srv/www/hellogorilla/public_html/wp-includes/rest-api/class-wp-rest-server.php(321): WP_REST_Server->dispatch(Object(WP_REST_Request))
#5 /srv/www/he

2018-10-11T19:19:19+00:00 CRITICAL Uncaught Error: Cannot use object of type WP_Query as array in /srv/www/hellogorilla/public_html/wp-content/themes/hellogorilla/functions.php:297
Stack trace:
#0 /srv/www/hellogorilla/public_html/wp-includes/rest-api/endpoints/class-wp-rest-controller.php(394): {closure}(Array, 'user_posts', Object(WP_REST_Request), 'user')
#1 /srv/www/hellogorilla/public_html/wp-includes/rest-api/endpoints/class-wp-rest-users-controller.php(917): WP_REST_Controller->add_additional_fields_to_object(Array, Object(WP_REST_Request))
#2 /srv/www/hellogorilla/public_html/wp-includes/rest-api/endpoints/class-wp-rest-users-controller.php(410): WP_REST_Users_Controller->prepare_item_for_response(Object(WP_User), Object(WP_REST_Request))
#3 /srv/www/hellogorilla/public_html/wp-includes/rest-api/class-wp-rest-server.php(936): WP_REST_Users_Controller->get_item(Object(WP_REST_Request))
#4 /srv/www/hellogorilla/public_html/wp-includes/rest-api/class-wp-rest-server.php(321): WP_REST_Server->dispatch(Object(WP_REST_Request))
#5 /srv/www/he

