2018-11-02T13:48:48+00:00 CRITICAL Uncaught Error: Call to undefined function hellogorilla_post_thumbnail() in /srv/www/hellogorilla/public_html/wp-content/themes/shopkeeper/content-page.php:17
Stack trace:
#0 /srv/www/hellogorilla/public_html/wp-includes/template.php(690): require()
#1 /srv/www/hellogorilla/public_html/wp-includes/template.php(647): load_template('/srv/www/hellog...', false)
#2 /srv/www/hellogorilla/public_html/wp-includes/general-template.php(155): locate_template(Array, true, false)
#3 /srv/www/hellogorilla/public_html/wp-content/themes/shopkeeper/page.php(52): get_template_part('content', 'page')
#4 /srv/www/hellogorilla/public_html/wp-includes/template-loader.php(74): include('/srv/www/hellog...')
#5 /srv/www/hellogorilla/public_html/wp-blog-header.php(19): require_once('/srv/www/hellog...')
#6 /srv/www/hellogorilla/public_html/index.php(17): require('/srv/www/hellog...')
#7 {main}
  thrown in /srv/www/hellogorilla/public_html/wp-content/themes/shopkeeper/content-page.php on line 17

2018-11-02T16:41:37+00:00 CRITICAL require(): Failed opening required '/srv/www/hellogorilla/public_html/wp-content/themes/shopkeeper/inc/custom-header.php' (include_path='/srv/www/hellogorilla/public_html/wp-content/plugins/kboard/htmlpurifier/standalone:.:/usr/share/php') in /srv/www/hellogorilla/public_html/wp-content/themes/shopkeeper-child/functions.php on line 143

2018-11-02T16:41:38+00:00 CRITICAL require(): Failed opening required '/srv/www/hellogorilla/public_html/wp-content/themes/shopkeeper/inc/custom-header.php' (include_path='/srv/www/hellogorilla/public_html/wp-content/plugins/kboard/htmlpurifier/standalone:.:/usr/share/php') in /srv/www/hellogorilla/public_html/wp-content/themes/shopkeeper-child/functions.php on line 143

2018-11-02T16:42:19+00:00 CRITICAL require(): Failed opening required '/srv/www/hellogorilla/public_html/wp-content/themes/shopkeeper/inc/custom-header.php' (include_path='/srv/www/hellogorilla/public_html/wp-content/plugins/kboard/htmlpurifier/standalone:.:/usr/share/php') in /srv/www/hellogorilla/public_html/wp-content/themes/shopkeeper-child/functions.php on line 143

2018-11-02T16:42:23+00:00 CRITICAL require(): Failed opening required '/srv/www/hellogorilla/public_html/wp-content/themes/shopkeeper/inc/custom-header.php' (include_path='/srv/www/hellogorilla/public_html/wp-content/plugins/kboard/htmlpurifier/standalone:.:/usr/share/php') in /srv/www/hellogorilla/public_html/wp-content/themes/shopkeeper-child/functions.php on line 143

2018-11-02T17:16:27+00:00 CRITICAL Uncaught Error: Call to undefined function getbowtied_theme_option() in /srv/www/hellogorilla/public_html/wp-content/themes/shopkeeper/functions.php:955
Stack trace:
#0 /srv/www/hellogorilla/public_html/wp-settings.php(426): include()
#1 /srv/www/hellogorilla/public_html/wp-config.php(79): require_once('/srv/www/hellog...')
#2 /srv/www/hellogorilla/public_html/wp-load.php(37): require_once('/srv/www/hellog...')
#3 /srv/www/hellogorilla/public_html/wp-blog-header.php(13): require_once('/srv/www/hellog...')
#4 /srv/www/hellogorilla/public_html/index.php(17): require('/srv/www/hellog...')
#5 {main}
  thrown in /srv/www/hellogorilla/public_html/wp-content/themes/shopkeeper/functions.php on line 955

2018-11-02T17:16:28+00:00 CRITICAL Uncaught Error: Call to undefined function getbowtied_theme_option() in /srv/www/hellogorilla/public_html/wp-content/themes/shopkeeper/functions.php:955
Stack trace:
#0 /srv/www/hellogorilla/public_html/wp-settings.php(426): include()
#1 /srv/www/hellogorilla/public_html/wp-config.php(79): require_once('/srv/www/hellog...')
#2 /srv/www/hellogorilla/public_html/wp-load.php(37): require_once('/srv/www/hellog...')
#3 /srv/www/hellogorilla/public_html/wp-blog-header.php(13): require_once('/srv/www/hellog...')
#4 /srv/www/hellogorilla/public_html/index.php(17): require('/srv/www/hellog...')
#5 {main}
  thrown in /srv/www/hellogorilla/public_html/wp-content/themes/shopkeeper/functions.php on line 955

2018-11-02T17:16:32+00:00 CRITICAL Uncaught Error: Call to undefined function getbowtied_theme_option() in /srv/www/hellogorilla/public_html/wp-content/themes/shopkeeper/functions.php:955
Stack trace:
#0 /srv/www/hellogorilla/public_html/wp-settings.php(426): include()
#1 /srv/www/hellogorilla/public_html/wp-config.php(79): require_once('/srv/www/hellog...')
#2 /srv/www/hellogorilla/public_html/wp-load.php(37): require_once('/srv/www/hellog...')
#3 /srv/www/hellogorilla/public_html/wp-blog-header.php(13): require_once('/srv/www/hellog...')
#4 /srv/www/hellogorilla/public_html/index.php(17): require('/srv/www/hellog...')
#5 {main}
  thrown in /srv/www/hellogorilla/public_html/wp-content/themes/shopkeeper/functions.php on line 955

2018-11-02T17:16:53+00:00 CRITICAL Uncaught Error: Call to undefined function getbowtied_theme_option() in /srv/www/hellogorilla/public_html/wp-content/themes/shopkeeper/functions.php:955
Stack trace:
#0 /srv/www/hellogorilla/public_html/wp-settings.php(426): include()
#1 /srv/www/hellogorilla/public_html/wp-config.php(79): require_once('/srv/www/hellog...')
#2 /srv/www/hellogorilla/public_html/wp-load.php(37): require_once('/srv/www/hellog...')
#3 /srv/www/hellogorilla/public_html/wp-blog-header.php(13): require_once('/srv/www/hellog...')
#4 /srv/www/hellogorilla/public_html/index.php(17): require('/srv/www/hellog...')
#5 {main}
  thrown in /srv/www/hellogorilla/public_html/wp-content/themes/shopkeeper/functions.php on line 955

2018-11-02T17:17:03+00:00 CRITICAL Uncaught Error: Call to undefined function getbowtied_theme_option() in /srv/www/hellogorilla/public_html/wp-content/themes/shopkeeper/functions.php:955
Stack trace:
#0 /srv/www/hellogorilla/public_html/wp-settings.php(426): include()
#1 /srv/www/hellogorilla/public_html/wp-config.php(79): require_once('/srv/www/hellog...')
#2 /srv/www/hellogorilla/public_html/wp-load.php(37): require_once('/srv/www/hellog...')
#3 /srv/www/hellogorilla/public_html/wp-admin/admin-ajax.php(22): require_once('/srv/www/hellog...')
#4 {main}
  thrown in /srv/www/hellogorilla/public_html/wp-content/themes/shopkeeper/functions.php on line 955

2018-11-02T17:17:31+00:00 CRITICAL Uncaught Error: Call to undefined function getbowtied_theme_option() in /srv/www/hellogorilla/public_html/wp-content/themes/shopkeeper/functions.php:251
Stack trace:
#0 /srv/www/hellogorilla/public_html/wp-includes/class-wp-hook.php(286): shopkeeper_setup('')
#1 /srv/www/hellogorilla/public_html/wp-includes/class-wp-hook.php(310): WP_Hook->apply_filters(NULL, Array)
#2 /srv/www/hellogorilla/public_html/wp-includes/plugin.php(453): WP_Hook->do_action(Array)
#3 /srv/www/hellogorilla/public_html/wp-settings.php(434): do_action('after_setup_the...')
#4 /srv/www/hellogorilla/public_html/wp-config.php(79): require_once('/srv/www/hellog...')
#5 /srv/www/hellogorilla/public_html/wp-load.php(37): require_once('/srv/www/hellog...')
#6 /srv/www/hellogorilla/public_html/wp-blog-header.php(13): require_once('/srv/www/hellog...')
#7 /srv/www/hellogorilla/public_html/index.php(17): require('/srv/www/hellog...')
#8 {main}
  thrown in /srv/www/hellogorilla/public_html/wp-content/themes/shopkeeper/functions.php on line 251

