2018-10-19T23:27:08+00:00 CRITICAL Uncaught Error: Cannot use object of type WP_Post as array in /srv/www/hellogorilla/public_html/wp-content/themes/hellogorilla/functions.php:341
Stack trace:
#0 /srv/www/hellogorilla/public_html/wp-includes/rest-api/endpoints/class-wp-rest-controller.php(394): {closure}(Array, 'user_products', Object(WP_REST_Request), 'user')
#1 /srv/www/hellogorilla/public_html/wp-includes/rest-api/endpoints/class-wp-rest-users-controller.php(917): WP_REST_Controller->add_additional_fields_to_object(Array, Object(WP_REST_Request))
#2 /srv/www/hellogorilla/public_html/wp-includes/rest-api/endpoints/class-wp-rest-users-controller.php(410): WP_REST_Users_Controller->prepare_item_for_response(Object(WP_User), Object(WP_REST_Request))
#3 /srv/www/hellogorilla/public_html/wp-includes/rest-api/class-wp-rest-server.php(936): WP_REST_Users_Controller->get_item(Object(WP_REST_Request))
#4 /srv/www/hellogorilla/public_html/wp-includes/rest-api/class-wp-rest-server.php(321): WP_REST_Server->dispatch(Object(WP_REST_Request))
#5 /srv/www/

2018-10-19T23:27:21+00:00 CRITICAL Uncaught Error: Cannot use object of type WP_Post as array in /srv/www/hellogorilla/public_html/wp-content/themes/hellogorilla/functions.php:341
Stack trace:
#0 /srv/www/hellogorilla/public_html/wp-includes/rest-api/endpoints/class-wp-rest-controller.php(394): {closure}(Array, 'user_products', Object(WP_REST_Request), 'user')
#1 /srv/www/hellogorilla/public_html/wp-includes/rest-api/endpoints/class-wp-rest-users-controller.php(917): WP_REST_Controller->add_additional_fields_to_object(Array, Object(WP_REST_Request))
#2 /srv/www/hellogorilla/public_html/wp-includes/rest-api/endpoints/class-wp-rest-users-controller.php(410): WP_REST_Users_Controller->prepare_item_for_response(Object(WP_User), Object(WP_REST_Request))
#3 /srv/www/hellogorilla/public_html/wp-includes/rest-api/class-wp-rest-server.php(936): WP_REST_Users_Controller->get_item(Object(WP_REST_Request))
#4 /srv/www/hellogorilla/public_html/wp-includes/rest-api/class-wp-rest-server.php(321): WP_REST_Server->dispatch(Object(WP_REST_Request))
#5 /srv/www/

2018-10-19T23:30:44+00:00 CRITICAL Uncaught Error: Cannot use object of type WP_Post as array in /srv/www/hellogorilla/public_html/wp-content/themes/hellogorilla/functions.php:343
Stack trace:
#0 /srv/www/hellogorilla/public_html/wp-includes/rest-api/endpoints/class-wp-rest-controller.php(394): {closure}(Array, 'user_products', Object(WP_REST_Request), 'user')
#1 /srv/www/hellogorilla/public_html/wp-includes/rest-api/endpoints/class-wp-rest-users-controller.php(917): WP_REST_Controller->add_additional_fields_to_object(Array, Object(WP_REST_Request))
#2 /srv/www/hellogorilla/public_html/wp-includes/rest-api/endpoints/class-wp-rest-users-controller.php(410): WP_REST_Users_Controller->prepare_item_for_response(Object(WP_User), Object(WP_REST_Request))
#3 /srv/www/hellogorilla/public_html/wp-includes/rest-api/class-wp-rest-server.php(936): WP_REST_Users_Controller->get_item(Object(WP_REST_Request))
#4 /srv/www/hellogorilla/public_html/wp-includes/rest-api/class-wp-rest-server.php(321): WP_REST_Server->dispatch(Object(WP_REST_Request))
#5 /srv/www/

